<?xml version="1.0" encoding="UTF-8"?>
<testng-results ignored="0" total="1" passed="1" failed="0" skipped="0">
  <reporter-output>
  </reporter-output>
  <suite started-at="2023-07-27T16:18:58 IST" name="Zintrl Suite" finished-at="2023-07-27T16:19:26 IST" duration-ms="27875">
    <groups>
    </groups>
    <test started-at="2023-07-27T16:18:58 IST" name="Register at Zintrl" finished-at="2023-07-27T16:19:26 IST" duration-ms="27875">
      <class name="testcases.Register">
        <test-method is-config="true" signature="beforeTest(org.testng.ITestContext)[pri:0, instance:testcases.Register@6574a52c]" started-at="2023-07-27T16:18:58 IST" name="beforeTest" finished-at="2023-07-27T16:18:59 IST" duration-ms="836" status="PASS">
          <params>
            <param index="0">
              <value>
                <![CDATA[org.testng.TestRunner@776015fc]]>
              </value>
            </param>
          </params>
          <reporter-output>
          </reporter-output>
        </test-method> <!-- beforeTest -->
        <test-method is-config="true" signature="beforeMethod(org.testng.ITestContext)[pri:0, instance:testcases.Register@6574a52c]" started-at="2023-07-27T16:18:59 IST" name="beforeMethod" finished-at="2023-07-27T16:18:59 IST" duration-ms="1" status="PASS">
          <params>
            <param index="0">
              <value>
                <![CDATA[org.testng.TestRunner@776015fc]]>
              </value>
            </param>
          </params>
          <reporter-output>
          </reporter-output>
        </test-method> <!-- beforeMethod -->
        <test-method signature="create_Account()[pri:0, instance:testcases.Register@6574a52c]" started-at="2023-07-27T16:18:59 IST" name="create_Account" finished-at="2023-07-27T16:19:25 IST" duration-ms="25508" status="PASS">
          <reporter-output>
          </reporter-output>
        </test-method> <!-- create_Account -->
        <test-method is-config="true" signature="afterTest(org.testng.ITestContext)[pri:0, instance:testcases.Register@6574a52c]" started-at="2023-07-27T16:19:25 IST" name="afterTest" finished-at="2023-07-27T16:19:26 IST" duration-ms="1455" status="PASS">
          <params>
            <param index="0">
              <value>
                <![CDATA[org.testng.TestRunner@776015fc]]>
              </value>
            </param>
          </params>
          <reporter-output>
          </reporter-output>
        </test-method> <!-- afterTest -->
        <test-method is-config="true" signature="afterSuite(org.testng.ITestContext)[pri:0, instance:testcases.Register@6574a52c]" started-at="2023-07-27T16:19:26 IST" name="afterSuite" finished-at="2023-07-27T16:19:26 IST" duration-ms="0" status="PASS">
          <params>
            <param index="0">
              <value>
                <![CDATA[org.testng.TestRunner@776015fc]]>
              </value>
            </param>
          </params>
          <reporter-output>
          </reporter-output>
        </test-method> <!-- afterSuite -->
      </class> <!-- testcases.Register -->
    </test> <!-- Register at Zintrl -->
  </suite> <!-- Zintrl Suite -->
</testng-results>
